<?xml version="1.0" encoding="UTF-8"?>
<!-- Generated by org.testng.reporters.JUnitReportReporter -->
<testsuite hostname="Jiteshs-MBP" failures="0" tests="1" name="cucumberOptions.TestNGTestRunner" time="14.068" errors="0" timestamp="2022-08-04T17:25:51 IST" skipped="0">
  <testcase classname="cucumberOptions.TestNGTestRunner" name="runScenario" time="14.068"/>
  <system-out/>
</testsuite> <!-- cucumberOptions.TestNGTestRunner -->
