<?xml version="1.0" encoding="UTF-8"?>
<!-- Generated by org.testng.reporters.JUnitReportReporter -->
<testsuite hostname="Jiteshs-MBP" failures="0" tests="1" name="cucumberOptions.TestNGTestRunner" time="11.858" errors="0" timestamp="2022-07-21T22:26:25 IST" skipped="0">
  <testcase classname="cucumberOptions.TestNGTestRunner" name="runScenario" time="11.858"/>
  <system-out/>
</testsuite> <!-- cucumberOptions.TestNGTestRunner -->
